<?xml version="1.0" encoding="UTF-8"?>
<testsuite name="auth.LogCleanerCredentialsTest" tests="1" skipped="0" failures="0" errors="0" timestamp="2021-11-13T21:45:24" hostname="a483e709e3b1" time="0.062">
  <properties/>
  <testcase name="smokeTest()" classname="auth.LogCleanerCredentialsTest" time="0.062"/>
  <system-out><![CDATA[]]></system-out>
  <system-err><![CDATA[]]></system-err>
</testsuite>
